<?xml version="1.0" encoding="UTF-8"?>
<testsuite xmlns:xsi="http://www.w3.org/2001/XMLSchema-instance" xsi:noNamespaceSchemaLocation="https://maven.apache.org/surefire/maven-surefire-plugin/xsd/surefire-test-report-3.0.xsd" version="3.0" name="com.example.collaborative_code_editor.service.FileServiceTest" time="0.868" tests="14" errors="0" skipped="0" failures="0">
  <properties>
[...]
</properties>
  <testcase name="testUpdateFile_IsDirectory" classname="com.example.collaborative_code_editor.service.FileServiceTest" time="0.818">
    <system-err><![CDATA[WARNING: A Java agent has been loaded dynamically (/home/mohammad/.m2/repository/net/bytebuddy/byte-buddy-agent/1.14.19/byte-buddy-agent-1.14.19.jar)
WARNING: If a serviceability tool is in use, please run with -XX:+EnableDynamicAgentLoading to hide this warning
WARNING: If a serviceability tool is not in use, please run with -Djdk.instrument.traceUsage for more information
WARNING: Dynamic loading of agents will be disallowed by default in a future release
]]></system-err>
  </testcase>
  <testcase name="testGetFile_Success" classname="com.example.collaborative_code_editor.service.FileServiceTest" time="0.003"/>
  <testcase name="testUpdateFile_Success" classname="com.example.collaborative_code_editor.service.FileServiceTest" time="0.003"/>
  <testcase name="testRevertToVersion_VersionNotFound" classname="com.example.collaborative_code_editor.service.FileServiceTest" time="0.003"/>
  <testcase name="testGetVersions_FileNotFound" classname="com.example.collaborative_code_editor.service.FileServiceTest" time="0.002"/>
  <testcase name="testDeleteFile_FileNotFound" classname="com.example.collaborative_code_editor.service.FileServiceTest" time="0.002"/>
  <testcase name="testUpdateFile_ConcurrentModification" classname="com.example.collaborative_code_editor.service.FileServiceTest" time="0.003"/>
  <testcase name="testGetVersions_Success" classname="com.example.collaborative_code_editor.service.FileServiceTest" time="0.002"/>
  <testcase name="testGetFile_FileNotFound" classname="com.example.collaborative_code_editor.service.FileServiceTest" time="0.002"/>
  <testcase name="testRevertToVersion_Success" classname="com.example.collaborative_code_editor.service.FileServiceTest" time="0.002"/>
  <testcase name="testUpdateFile_FileNotFound" classname="com.example.collaborative_code_editor.service.FileServiceTest" time="0.001"/>
  <testcase name="testListFiles_Success" classname="com.example.collaborative_code_editor.service.FileServiceTest" time="0.001"/>
  <testcase name="testRevertToVersion_VersionDoesNotBelongToFile" classname="com.example.collaborative_code_editor.service.FileServiceTest" time="0.001"/>
  <testcase name="testDeleteFile_Success" classname="com.example.collaborative_code_editor.service.FileServiceTest" time="0.001"/>
</testsuite>