<?xml version="1.0" encoding="UTF-8"?>
<testsuite xmlns:xsi="http://www.w3.org/2001/XMLSchema-instance" xsi:noNamespaceSchemaLocation="https://maven.apache.org/surefire/maven-surefire-plugin/xsd/surefire-test-report-3.0.xsd" version="3.0" name="com.example.collaborative_code_editor.CollaborativeCodeEditorApplicationTests" time="5.399" tests="1" errors="0" skipped="0" failures="0">
  <properties>
[...]
</properties>
  <testcase name="contextLoads" classname="com.example.collaborative_code_editor.CollaborativeCodeEditorApplicationTests" time="0.025">
    <system-out><![CDATA[23:07:21.359 [main] INFO org.springframework.test.context.support.AnnotationConfigContextLoaderUtils -- Could not detect default configuration classes for test class [com.example.collaborative_code_editor.CollaborativeCodeEditorApplicationTests]: CollaborativeCodeEditorApplicationTests does not declare any static, non-private, non-final, nested classes annotated with @Configuration.
23:07:21.446 [main] INFO org.springframework.boot.test.context.SpringBootTestContextBootstrapper -- Found @SpringBootConfiguration com.example.collaborative_code_editor.CollaborativeCodeEditorApplication for test class com.example.collaborative_code_editor.CollaborativeCodeEditorApplicationTests

  .   ____          _            __ _ _
 /\\ / ___'_ __ _ _(_)_ __  __ _ \ \ \ \
( ( )\___ | '_ | '_| | '_ \/ _` | \ \ \ \
 \\/  ___)| |_)| | | | | || (_| |  ) ) ) )
  '  |____| .__|_| |_|_| |_\__, | / / / /
 =========|_|==============|___/=/_/_/_/

 :: Spring Boot ::                (v3.3.4)

2024-10-24T23:07:21.844+03:00  INFO 17245 --- [collaborative-code-editor] [           main] .CollaborativeCodeEditorApplicationTests : Starting CollaborativeCodeEditorApplicationTests using Java 21.0.4 with PID 17245 (started by mohammad in /home/mohammad/Downloads/my-project/collaborative-code-editor)
2024-10-24T23:07:21.846+03:00  INFO 17245 --- [collaborative-code-editor] [           main] .CollaborativeCodeEditorApplicationTests : No active profile set, falling back to 1 default profile: "default"
2024-10-24T23:07:22.440+03:00  INFO 17245 --- [collaborative-code-editor] [           main] .s.d.r.c.RepositoryConfigurationDelegate : Bootstrapping Spring Data JPA repositories in DEFAULT mode.
2024-10-24T23:07:22.567+03:00  INFO 17245 --- [collaborative-code-editor] [           main] .s.d.r.c.RepositoryConfigurationDelegate : Finished Spring Data repository scanning in 120 ms. Found 2 JPA repository interfaces.
2024-10-24T23:07:23.056+03:00  INFO 17245 --- [collaborative-code-editor] [           main] o.hibernate.jpa.internal.util.LogHelper  : HHH000204: Processing PersistenceUnitInfo [name: default]
2024-10-24T23:07:23.126+03:00  INFO 17245 --- [collaborative-code-editor] [           main] org.hibernate.Version                    : HHH000412: Hibernate ORM core version 6.5.3.Final
2024-10-24T23:07:23.182+03:00  INFO 17245 --- [collaborative-code-editor] [           main] o.h.c.internal.RegionFactoryInitiator    : HHH000026: Second-level cache disabled
2024-10-24T23:07:23.317+03:00  INFO 17245 --- [collaborative-code-editor] [           main] o.s.o.j.p.SpringPersistenceUnitInfo      : No LoadTimeWeaver setup: ignoring JPA class transformer
2024-10-24T23:07:23.340+03:00  INFO 17245 --- [collaborative-code-editor] [           main] com.zaxxer.hikari.HikariDataSource       : HikariPool-1 - Starting...
2024-10-24T23:07:23.733+03:00  INFO 17245 --- [collaborative-code-editor] [           main] com.zaxxer.hikari.pool.HikariPool        : HikariPool-1 - Added connection org.postgresql.jdbc.PgConnection@795131d6
2024-10-24T23:07:23.735+03:00  INFO 17245 --- [collaborative-code-editor] [           main] com.zaxxer.hikari.HikariDataSource       : HikariPool-1 - Start completed.
2024-10-24T23:07:23.785+03:00  WARN 17245 --- [collaborative-code-editor] [           main] org.hibernate.orm.deprecation            : HHH90000025: PostgreSQLDialect does not need to be specified explicitly using 'hibernate.dialect' (remove the property setting and it will be selected by default)
2024-10-24T23:07:24.639+03:00  INFO 17245 --- [collaborative-code-editor] [           main] o.h.e.t.j.p.i.JtaPlatformInitiator       : HHH000489: No JTA platform available (set 'hibernate.transaction.jta.platform' to enable JTA platform integration)
Hibernate: alter table if exists file_entity alter column content set data type TEXT
2024-10-24T23:07:24.740+03:00  INFO 17245 --- [collaborative-code-editor] [           main] j.LocalContainerEntityManagerFactoryBean : Initialized JPA EntityManagerFactory for persistence unit 'default'
2024-10-24T23:07:25.391+03:00  WARN 17245 --- [collaborative-code-editor] [           main] JpaBaseConfiguration$JpaWebConfiguration : spring.jpa.open-in-view is enabled by default. Therefore, database queries may be performed during view rendering. Explicitly configure spring.jpa.open-in-view to disable this warning
2024-10-24T23:07:26.546+03:00  INFO 17245 --- [collaborative-code-editor] [           main] o.s.m.s.b.SimpleBrokerMessageHandler     : Starting...
2024-10-24T23:07:26.547+03:00  INFO 17245 --- [collaborative-code-editor] [           main] o.s.m.s.b.SimpleBrokerMessageHandler     : BrokerAvailabilityEvent[available=true, SimpleBrokerMessageHandler [org.springframework.messaging.simp.broker.DefaultSubscriptionRegistry@99e03a9]]
2024-10-24T23:07:26.549+03:00  INFO 17245 --- [collaborative-code-editor] [           main] o.s.m.s.b.SimpleBrokerMessageHandler     : Started.
2024-10-24T23:07:26.564+03:00  INFO 17245 --- [collaborative-code-editor] [           main] .CollaborativeCodeEditorApplicationTests : Started CollaborativeCodeEditorApplicationTests in 4.942 seconds (process running for 6.552)
]]></system-out>
  </testcase>
</testsuite>